DEBUG 2014-09-18 16:55:39,999: 	 Executing command: 'submit'
DEBUG 2014-09-18 16:55:39,999: 	 Found /uscms/home/jdolen/.crab3 file
DEBUG 2014-09-18 16:55:40,013: 	 Checking credentials
DEBUG 2014-09-18 16:55:40,013: 	 Found proxy file /tmp/x509up_u11867
DEBUG 2014-09-18 16:55:40,013: 	 Getting proxy life time left
DEBUG 2014-09-18 16:55:40,217: 	 Proxy valid for 124:24:57 hours
INFO 2014-09-18 16:55:40,217: 	 Will use configuration file crab_test_FileBasedSplitting.py
DEBUG 2014-09-18 16:55:40,217: 	 Loading configuration
DEBUG 2014-09-18 16:55:40,339: 	 Checking credentials
DEBUG 2014-09-18 16:55:40,339: 	 Found proxy file /tmp/x509up_u11867
DEBUG 2014-09-18 16:55:40,339: 	 Getting proxy life time left
DEBUG 2014-09-18 16:55:40,543: 	 Proxy valid for 124:24:57 hours
DEBUG 2014-09-18 16:55:41,723: 	 Registering user credentials for server /DC=ch/DC=cern/OU=computers/CN=vocms(24[34]|3[136]|21|045).cern.ch
DEBUG 2014-09-18 16:55:41,830: 	 Getting myproxy life time left for myproxy.cern.ch
DEBUG 2014-09-18 16:55:42,836: 	 Myproxy is valid: 1365325
DEBUG 2014-09-18 16:55:42,836: 	 Command use: submit
DEBUG 2014-09-18 16:55:42,836: 	 Options use: ['-c', 'crab_test_FileBasedSplitting.py']
DEBUG 2014-09-18 16:55:43,933: 	 CRABClient version: 3.3.9 Compatible
DEBUG 2014-09-18 16:55:43,933: 	 Instance is prod
DEBUG 2014-09-18 16:55:43,933: 	 Server base url is cmsweb.cern.ch
DEBUG 2014-09-18 16:55:43,933: 	 Command url /crabserver/prod/workflow
DEBUG 2014-09-18 16:55:43,933: 	 Started submission
DEBUG 2014-09-18 16:55:43,934: 	 Working on ./crab_TTJets_PU40bx25_ClassicMixing_50files
DEBUG 2014-09-18 16:55:44,934: 	 Found CMSSW_7_0_6_patch1 for slc6_amd64_gcc481 with base /uscms_data/d2/jdolen/miniAOD/CMSSW_7_0_6_patch1
DEBUG 2014-09-18 16:55:44,973: 	 UNIQUE NAME: tarUUID 6c032120-cd1e-4be7-a7fd-13beaef46d92 
DEBUG 2014-09-18 16:55:44,973: 	 self.config: from WMCore.Configuration import Configuration
config = Configuration()
config.section_('General')
config.General.requestName = 'TTJets_PU40bx25_ClassicMixing_50files'
config.General.serverUrl = 'cmsweb.cern.ch'
config.section_('JobType')
config.JobType.outputFiles = ['out.root']
config.JobType.filecacheurl = 'https://cmsweb.cern.ch/crabcache'
config.JobType.pluginName = 'Analysis'
config.JobType.capath = '/etc/grid-security/certificates/'
config.JobType.allowNonProductionCMSSW = False
config.JobType.psetName = 'ana_crab.py'
config.JobType.proxyfilename = '/tmp/x509up_u11867'
config.section_('Data')
config.Data.inputDataset = '/TTJets_MSDecaysCKM_central_Tune4C_13TeV-madgraph-tauola/Spring14miniaod-PU40bx25_POSTLS170_V5-v2/MINIAODSIM'
config.Data.publication = True
config.Data.unitsPerJob = 1
config.Data.ignoreLocality = False
config.Data.publishDbsUrl = 'https://cmsweb.cern.ch/dbs/prod/phys03/DBSWriter/'
config.Data.splitting = 'FileBased'
config.Data.dbsUrl = 'https://cmsweb.cern.ch/dbs/prod/global/DBSReader/'
config.Data.publishDataName = 'Spring14miniaod-PU40bx25_POSTLS170_V5-v2_ANA'
config.Data.totalUnits = 50
config.section_('Site')
config.Site.storageSite = 'T3_US_FNALLPC'

DEBUG 2014-09-18 16:55:44,974: 	 self.config.JobType.psetName: ana_crab.py
DEBUG 2014-09-18 16:55:44,974: 	 Importing CMSSW config ana_crab.py
DEBUG 2014-09-18 16:55:48,861: 	 The following EDM output files will be collected: []
DEBUG 2014-09-18 16:55:48,861: 	 The following TFile output files will be collected: ['histos_TTJets_premix_mini_PU40bx25_file1.root']
DEBUG 2014-09-18 16:55:48,861: 	 The following user output files will be collected: ['out.root']
DEBUG 2014-09-18 16:55:48,861: 	 Writing CMSSW config to ./crab_TTJets_PU40bx25_ClassicMixing_50files/inputs/CMSSW_cfg.py
DEBUG 2014-09-18 16:55:49,905: 	 Found CMSSW_7_0_6_patch1 for slc6_amd64_gcc481 with base /uscms_data/d2/jdolen/miniAOD/CMSSW_7_0_6_patch1
DEBUG 2014-09-18 16:55:49,905: 	 Making tarball in ./crab_TTJets_PU40bx25_ClassicMixing_50files/inputs/6c032120-cd1e-4be7-a7fd-13beaef46d92default.tgz
DEBUG 2014-09-18 16:55:49,906: 	  checking directory /uscms_data/d2/jdolen/miniAOD/CMSSW_7_0_6_patch1/lib
DEBUG 2014-09-18 16:55:49,906: 	  adding directory /uscms_data/d2/jdolen/miniAOD/CMSSW_7_0_6_patch1/lib to tarball
DEBUG 2014-09-18 16:55:51,105: 	  checking directory /uscms_data/d2/jdolen/miniAOD/CMSSW_7_0_6_patch1/module
DEBUG 2014-09-18 16:55:51,385: 	  adding data directory /uscms_data/d2/jdolen/miniAOD/CMSSW_7_0_6_patch1/src/B2G/ttbarDM/TopPlusDMAna/data to tarball
DEBUG 2014-09-18 16:55:51,709: 	 tgz contents: [('lib', 0, 1404742711, 'jdolen'), ('lib/slc6_amd64_gcc481', 0, 1410920478, 'jdolen'), ('lib/slc6_amd64_gcc481/JetStudiesJetTestingAuto.edmplugin', 41, 1406273264, 'jdolen'), ('lib/slc6_amd64_gcc481/pluginJetStudiesJetTestingAuto.so', 271273, 1406273264, 'jdolen'), ('lib/slc6_amd64_gcc481/pluginMiniValidationMiniAnalyzerAuto.so', 216116, 1410904131, 'jdolen'), ('lib/slc6_amd64_gcc481/pluginMiniValidationAnalyzeMiniPlusSubstructureAuto.so', 233873, 1410920476, 'jdolen'), ('lib/slc6_amd64_gcc481/libAnalysisTTBSMTuplesAnalysis.so', 42282, 1406236134, 'jdolen'), ('lib/slc6_amd64_gcc481/pluginAnalysisTTBSMTuplesAnalysisCapabilities.so', 7046, 1406236512, 'jdolen'), ('lib/slc6_amd64_gcc481/AnalysisTTBSMTuplesAnalysisCapabilities.edmplugin', 56, 1406236512, 'jdolen'), ('lib/slc6_amd64_gcc481/libAnalysisJetAnalysis.so', 282862, 1406236513, 'jdolen'), ('lib/slc6_amd64_gcc481/libAnalysisSHyFT.so', 2136962, 1406272238, 'jdolen'), ('lib/slc6_amd64_gcc481/libAnalysisBoostedTopAnalysis.so', 765825, 1406272240, 'jdolen'), ('lib/slc6_amd64_gcc481/pluginAnalysisTTBSMPatTuplesplugins.so', 649186, 1409941501, 'jdolen'), ('lib/slc6_amd64_gcc481/AnalysisTTBSMPatTuplesplugins.edmplugin', 46, 1409941501, 'jdolen'), ('lib/slc6_amd64_gcc481/pluginAnalysisBoostedTopAnalysisCapabilities.so', 10678, 1409941490, 'jdolen'), ('lib/slc6_amd64_gcc481/AnalysisBoostedTopAnalysisCapabilities.edmplugin', 55, 1409941490, 'jdolen'), ('lib/slc6_amd64_gcc481/MiniValidationMiniAnalyzerAuto.edmplugin', 47, 1410904131, 'jdolen'), ('lib/slc6_amd64_gcc481/pluginB2GB2GprodAuto.so', 86157, 1410463441, 'jdolen'), ('lib/slc6_amd64_gcc481/B2GB2GprodAuto.edmplugin', 31, 1410463441, 'jdolen'), ('lib/slc6_amd64_gcc481/MiniValidationAnalyzeMiniPlusSubstructureAuto.edmplugin', 62, 1410920476, 'jdolen'), ('lib/slc6_amd64_gcc481/.edmplugincache', 1429, 1410920478, 'jdolen'), ('src/B2G/ttbarDM/TopPlusDMAna/data', 0, 1410461631, 'jdolen'), ('src/B2G/ttbarDM/TopPlusDMAna/data/MuHLTEfficiencies_Run_2012ABCD_53X_DR03-2.root', 56001, 1410461631, 'jdolen'), ('src/B2G/ttbarDM/TopPlusDMAna/data/MuonEfficiencies_ISO_Run_2012ReReco_53X.root', 120605, 1410461631, 'jdolen'), ('src/B2G/ttbarDM/TopPlusDMAna/data/MuonEfficiencies_Run2012ReReco_53X.root', 92098, 1410461631, 'jdolen'), ('src/B2G/ttbarDM/TopPlusDMAna/data/SingleMuonTriggerEfficiencies_eta2p1_Run2012ABCD_v5trees.root', 89301, 1410461631, 'jdolen'), ('PSet.py', 101, 1411077349, 'jdolen'), ('PSet.pkl', 1193457, 1411077349, 'jdolen'), ('debug/originalPSet.py', 24127, 1410977041, 'jdolen'), ('debug/crabConfig.py', 1199, 1411077351, 'jdolen')]
DEBUG 2014-09-18 16:55:51,709: 	 MD5 checksum: d4be52ee7d4707c7454210b752ad0a8e
DEBUG 2014-09-18 16:55:51,714: 	  uploading archive to cache /uscms_data/d2/jdolen/miniAOD/CMSSW_7_0_6_patch1/src/MiniValidation/AnalyzeMiniPlusSubstructure/python/crab_TTJets_PU40bx25_ClassicMixing_50files/inputs/6c032120-cd1e-4be7-a7fd-13beaef46d92default.tgz 
DEBUG 2014-09-18 16:55:54,880: 	 Result uploading input files: ('https://cmsweb.cern.ch/crabcache', 'c3c69f8f5e63fd16efaaff86a40dc6322e9adbc7fcf947a6297b40d51d114044.tar.gz', 'd4be52ee7d4707c7454210b752ad0a8e') 
WARNING 2014-09-18 16:55:54,881: 	 WARNING: The following output files will not be published, as they are not EDM files: ['histos_TTJets_premix_mini_PU40bx25_file1.root', 'out.root']
INFO 2014-09-18 16:55:54,881: 	 Sending the request to the server
DEBUG 2014-09-18 16:55:54,881: 	 Submitting {'ignorelocality': 0, 'workflow': 'crab_TTJets_PU40bx25_ClassicMixing_50files', 'adduserfiles': [], 'publishname': 'Spring14miniaod-PU40bx25_POSTLS170_V5-v2_ANA-d4be52ee7d4707c7454210b752ad0a8e', 'savelogsflag': 0, 'nonprodsw': 0, 'tfileoutfiles': ['histos_TTJets_premix_mini_PU40bx25_file1.root'], 'asyncdest': 'T3_US_FNALLPC', 'oneEventMode': 0, 'algoargs': 1, 'saveoutput': 1, 'totalunits': 50, 'cachefilename': 'c3c69f8f5e63fd16efaaff86a40dc6322e9adbc7fcf947a6297b40d51d114044.tar.gz', 'jobarch': 'slc6_amd64_gcc481', 'addoutputfiles': ['out.root'], 'splitalgo': 'FileBased', 'publishdbsurl': 'https://cmsweb.cern.ch/dbs/prod/phys03/DBSWriter', 'jobsw': 'CMSSW_7_0_6_patch1', 'dbsurl': 'https://cmsweb.cern.ch/dbs/prod/global/DBSReader', 'publication': 1, 'edmoutfiles': [], 'cacheurl': 'https://cmsweb.cern.ch/crabcache', 'inputdata': '/TTJets_MSDecaysCKM_central_Tune4C_13TeV-madgraph-tauola/Spring14miniaod-PU40bx25_POSTLS170_V5-v2/MINIAODSIM', 'jobtype': 'Analysis'} 
DEBUG 2014-09-18 16:55:54,881: 	 Encoded submit request: ignorelocality=0&workflow=crab_TTJets_PU40bx25_ClassicMixing_50files&publishname=Spring14miniaod-PU40bx25_POSTLS170_V5-v2_ANA-d4be52ee7d4707c7454210b752ad0a8e&savelogsflag=0&nonprodsw=0&asyncdest=T3_US_FNALLPC&oneEventMode=0&algoargs=1&saveoutput=1&totalunits=50&cachefilename=c3c69f8f5e63fd16efaaff86a40dc6322e9adbc7fcf947a6297b40d51d114044.tar.gz&jobarch=slc6_amd64_gcc481&splitalgo=FileBased&publishdbsurl=https%3A%2F%2Fcmsweb.cern.ch%2Fdbs%2Fprod%2Fphys03%2FDBSWriter&jobsw=CMSSW_7_0_6_patch1&dbsurl=https%3A%2F%2Fcmsweb.cern.ch%2Fdbs%2Fprod%2Fglobal%2FDBSReader&publication=1&cacheurl=https%3A%2F%2Fcmsweb.cern.ch%2Fcrabcache&inputdata=%2FTTJets_MSDecaysCKM_central_Tune4C_13TeV-madgraph-tauola%2FSpring14miniaod-PU40bx25_POSTLS170_V5-v2%2FMINIAODSIM&jobtype=Analysis&addoutputfiles=out.root&tfileoutfiles=histos_TTJets_premix_mini_PU40bx25_file1.root
DEBUG 2014-09-18 16:55:56,091: 	 Result: {'result': [{'RequestName': '140918_215555_crab3test-1:jdolen_crab_TTJets_PU40bx25_ClassicMixing_50files'}]}
INFO 2014-09-18 16:55:56,092: 	 Success: Your task has been delivered to the CRAB3 server.
INFO 2014-09-18 16:55:56,092: 	 Task name: 140918_215555_crab3test-1:jdolen_crab_TTJets_PU40bx25_ClassicMixing_50files
INFO 2014-09-18 16:55:56,092: 	 Please use 'crab status' to check how the submission process proceed
DEBUG 2014-09-18 16:58:54,702: 	 Executing command: 'status'
DEBUG 2014-09-18 16:58:54,703: 	 Found /uscms/home/jdolen/.crab3 file
DEBUG 2014-09-18 16:58:54,714: 	 Checking credentials
DEBUG 2014-09-18 16:58:54,714: 	 Found proxy file /tmp/x509up_u11867
DEBUG 2014-09-18 16:58:54,714: 	 Getting proxy life time left
DEBUG 2014-09-18 16:58:54,918: 	 Proxy valid for 124:21:43 hours
DEBUG 2014-09-18 16:58:55,026: 	 Checking credentials
DEBUG 2014-09-18 16:58:55,026: 	 Found proxy file /tmp/x509up_u11867
DEBUG 2014-09-18 16:58:55,026: 	 Getting proxy life time left
DEBUG 2014-09-18 16:58:55,230: 	 Proxy valid for 124:21:42 hours
DEBUG 2014-09-18 16:58:56,399: 	 Registering user credentials for server /DC=ch/DC=cern/OU=computers/CN=vocms(24[34]|3[136]|21|045).cern.ch
DEBUG 2014-09-18 16:58:56,506: 	 Getting myproxy life time left for myproxy.cern.ch
DEBUG 2014-09-18 16:58:57,512: 	 Myproxy is valid: 1365130
DEBUG 2014-09-18 16:58:57,513: 	 Command use: status
DEBUG 2014-09-18 16:58:57,513: 	 Options use: []
DEBUG 2014-09-18 16:58:58,689: 	 CRABClient version: 3.3.9 Compatible
DEBUG 2014-09-18 16:58:58,689: 	 Instance is prod
DEBUG 2014-09-18 16:58:58,690: 	 Server base url is cmsweb.cern.ch
DEBUG 2014-09-18 16:58:58,690: 	 Command url /crabserver/prod/workflow
DEBUG 2014-09-18 16:58:58,690: 	 Looking up detailed status of task 140918_215555_crab3test-1:jdolen_crab_TTJets_PU40bx25_ClassicMixing_50files
DEBUG 2014-09-18 16:59:08,168: 	 {'status': 'SUBMITTED', 'saveLogs': 'F', 'totalJobdefs': 0, 'jobSetID': '', 'jobsPerStatus': {}, 'taskWarningMsg': 'Task has not yet bootstrapped.', 'taskFailureMsg': '', 'failedJobdefs': 0, 'jobdefErrors': [], 'jobList': []}
INFO 2014-09-18 16:59:08,168: 	 Task name:			140918_215555_crab3test-1:jdolen_crab_TTJets_PU40bx25_ClassicMixing_50files
INFO 2014-09-18 16:59:08,168: 	 Task status:			SUBMITTED
INFO 2014-09-18 16:59:08,168: 	 
ERROR 2014-09-18 16:59:08,168: 	 No publication information available yet
INFO 2014-09-18 16:59:08,168: 	 
No jobs created yet!
DEBUG 2014-09-18 17:11:54,506: 	 Executing command: 'status'
DEBUG 2014-09-18 17:11:54,506: 	 Found /uscms/home/jdolen/.crab3 file
DEBUG 2014-09-18 17:11:54,515: 	 Checking credentials
DEBUG 2014-09-18 17:11:54,516: 	 Found proxy file /tmp/x509up_u11867
DEBUG 2014-09-18 17:11:54,516: 	 Getting proxy life time left
DEBUG 2014-09-18 17:11:54,719: 	 Proxy valid for 124:08:43 hours
DEBUG 2014-09-18 17:11:54,827: 	 Checking credentials
DEBUG 2014-09-18 17:11:54,827: 	 Found proxy file /tmp/x509up_u11867
DEBUG 2014-09-18 17:11:54,827: 	 Getting proxy life time left
DEBUG 2014-09-18 17:11:55,031: 	 Proxy valid for 124:08:43 hours
DEBUG 2014-09-18 17:11:56,180: 	 Registering user credentials for server /DC=ch/DC=cern/OU=computers/CN=vocms(24[34]|3[136]|21|045).cern.ch
DEBUG 2014-09-18 17:11:56,287: 	 Getting myproxy life time left for myproxy.cern.ch
DEBUG 2014-09-18 17:11:57,192: 	 Myproxy is valid: 1364350
DEBUG 2014-09-18 17:11:57,193: 	 Command use: status
DEBUG 2014-09-18 17:11:57,193: 	 Options use: []
DEBUG 2014-09-18 17:11:58,164: 	 CRABClient version: 3.3.9 Compatible
DEBUG 2014-09-18 17:11:58,164: 	 Instance is prod
DEBUG 2014-09-18 17:11:58,164: 	 Server base url is cmsweb.cern.ch
DEBUG 2014-09-18 17:11:58,164: 	 Command url /crabserver/prod/workflow
DEBUG 2014-09-18 17:11:58,164: 	 Looking up detailed status of task 140918_215555_crab3test-1:jdolen_crab_TTJets_PU40bx25_ClassicMixing_50files
DEBUG 2014-09-18 17:12:02,531: 	 {'status': 'UNKNOWN', 'saveLogs': 'F', 'totalJobdefs': 0, 'jobSetID': '', 'jobsPerStatus': {}, 'taskFailureMsg': 'Task failed to bootstrap on schedd <169.228.38.38:9615?sock=27845_5fe6_40>.', 'failedJobdefs': 0, 'jobdefErrors': [], 'jobList': []}
INFO 2014-09-18 17:12:02,531: 	 Task name:			140918_215555_crab3test-1:jdolen_crab_TTJets_PU40bx25_ClassicMixing_50files
INFO 2014-09-18 17:12:02,531: 	 Task status:			UNKNOWN
ERROR 2014-09-18 17:12:02,531: 	 Error during task information retrieval:	Task failed to bootstrap on schedd <169.228.38.38:9615?sock=27845_5fe6_40>..
INFO 2014-09-18 17:12:02,532: 	 
ERROR 2014-09-18 17:12:02,532: 	 No publication information available yet
INFO 2014-09-18 17:12:02,532: 	 
No jobs created yet!
